<?xml version="1.0" encoding="UTF-8"?>
<!-- Generated by org.testng.reporters.JUnitXMLReporter -->
<testsuite ignored="0" hostname="LAPTOP-BFLULPE1" failures="8" tests="9" name="FoundIt Testing Automation FireFox Browser Testing" time="38.177" errors="0" timestamp="2026-01-14T23:06:04 IST">
  <testcase classname="com.runner.RunnerClass" name="loginPage" time="4.355"/>
  <testcase classname="com.runner.RunnerClass" name="profilePage" time="0.126">
    <failure type="java.lang.AssertionError" message="ERRRO : OCCURS DURING SELENIUM CLICK">
      <![CDATA[java.lang.AssertionError: ERRRO : OCCURS DURING SELENIUM CLICK
at com.Base.BaseClass.clickSelenium2(BaseClass.java:305)
at com.pageObjectModules.UpdateProfilePageObjectModule.clickProfile(UpdateProfilePageObjectModule.java:25)
at com.runner.RunnerClass.profilePage(RunnerClass.java:59)
at java.base/java.util.ArrayList.forEach(ArrayList.java:1511)
... Removed 28 stack frames]]>
    </failure>
  </testcase> <!-- profilePage -->
  <testcase classname="com.runner.RunnerClass" name="profileSummaryPage" time="0.005">
    <failure type="java.lang.AssertionError" message="ERROR: Unable to scroll to element">
      <![CDATA[java.lang.AssertionError: ERROR: Unable to scroll to element
at com.Base.BaseClass.scrollByElement(BaseClass.java:821)
at com.Base.BaseClass.explicitWaitVisibilityOfElement(BaseClass.java:253)
at com.Base.BaseClass.clickSelenium(BaseClass.java:290)
at com.pageObjectModules.ProfileSummaryPageObjectModule.clickEditProfileSummary(ProfileSummaryPageObjectModule.java:31)
at com.runner.RunnerClass.profileSummaryPage(RunnerClass.java:69)
at java.base/java.util.ArrayList.forEach(ArrayList.java:1511)
... Removed 28 stack frames]]>
    </failure>
  </testcase> <!-- profileSummaryPage -->
  <testcase classname="com.runner.RunnerClass" name="uploadResumePage" time="0.005">
    <failure type="java.lang.AssertionError" message="ERROR: Unable to scroll to element">
      <![CDATA[java.lang.AssertionError: ERROR: Unable to scroll to element
at com.Base.BaseClass.scrollByElement(BaseClass.java:821)
at com.Base.BaseClass.explicitWaitVisibilityOfElement(BaseClass.java:253)
at com.Base.BaseClass.clickSelenium(BaseClass.java:290)
at com.pageObjectModules.ResumeUploadPageObjectModule.clickUploadResume(ResumeUploadPageObjectModule.java:30)
at com.runner.RunnerClass.uploadResumePage(RunnerClass.java:79)
at java.base/java.util.ArrayList.forEach(ArrayList.java:1511)
... Removed 28 stack frames]]>
    </failure>
  </testcase> <!-- uploadResumePage -->
  <testcase classname="com.runner.RunnerClass" name="workExperiencePage" time="0.005">
    <failure type="java.lang.AssertionError" message="ERROR: Unable to scroll to element">
      <![CDATA[java.lang.AssertionError: ERROR: Unable to scroll to element
at com.Base.BaseClass.scrollByElement(BaseClass.java:821)
at com.pageObjectModules.WorkExperiencePageObjectModule.clickeditBtnWorkExperience(WorkExperiencePageObjectModule.java:67)
at com.runner.RunnerClass.workExperiencePage(RunnerClass.java:88)
at java.base/java.util.ArrayList.forEach(ArrayList.java:1511)
... Removed 28 stack frames]]>
    </failure>
  </testcase> <!-- workExperiencePage -->
  <testcase classname="com.runner.RunnerClass" name="skillsPage" time="0.005">
    <failure type="java.lang.AssertionError" message="ERROR: Unable to scroll to element">
      <![CDATA[java.lang.AssertionError: ERROR: Unable to scroll to element
at com.Base.BaseClass.scrollByElement(BaseClass.java:821)
at com.Base.BaseClass.explicitWaitVisibilityOfElement(BaseClass.java:253)
at com.Base.BaseClass.clickSelenium(BaseClass.java:290)
at com.pageObjectModules.SkillsPageObjectModule.clickEditSkillsBtn(SkillsPageObjectModule.java:39)
at com.runner.RunnerClass.skillsPage(RunnerClass.java:104)
at java.base/java.util.ArrayList.forEach(ArrayList.java:1511)
... Removed 28 stack frames]]>
    </failure>
  </testcase> <!-- skillsPage -->
  <testcase classname="com.runner.RunnerClass" name="educationPage" time="0.008">
    <failure type="java.lang.AssertionError" message="ERROR: Unable to scroll to element">
      <![CDATA[java.lang.AssertionError: ERROR: Unable to scroll to element
at com.Base.BaseClass.scrollByElement(BaseClass.java:821)
at com.Base.BaseClass.explicitWaitVisibilityOfElement(BaseClass.java:253)
at com.Base.BaseClass.clickSelenium(BaseClass.java:290)
at com.pageObjectModules.EducationPageObjectModule.clicEditEducationBtn(EducationPageObjectModule.java:59)
at com.runner.RunnerClass.educationPage(RunnerClass.java:115)
at java.base/java.util.ArrayList.forEach(ArrayList.java:1511)
... Removed 28 stack frames]]>
    </failure>
  </testcase> <!-- educationPage -->
  <testcase classname="com.runner.RunnerClass" name="jobPreferrencesPage" time="0.013">
    <failure type="java.lang.AssertionError" message="ERROR: Unable to scroll to element">
      <![CDATA[java.lang.AssertionError: ERROR: Unable to scroll to element
at com.Base.BaseClass.scrollByElement(BaseClass.java:821)
at com.Base.BaseClass.explicitWaitVisibilityOfElement(BaseClass.java:253)
at com.Base.BaseClass.clickSelenium(BaseClass.java:290)
at com.pageObjectModules.JobPreferencePageObjectModule.clickEditJobPreferenceBtn(JobPreferencePageObjectModule.java:37)
at com.runner.RunnerClass.jobPreferrencesPage(RunnerClass.java:130)
at java.base/java.util.ArrayList.forEach(ArrayList.java:1511)
... Removed 28 stack frames]]>
    </failure>
  </testcase> <!-- jobPreferrencesPage -->
  <testcase classname="com.runner.RunnerClass" name="coursesAndCertificationPage" time="0.008">
    <failure type="java.lang.AssertionError" message="ERROR: Unable to scroll to element">
      <![CDATA[java.lang.AssertionError: ERROR: Unable to scroll to element
at com.Base.BaseClass.scrollByElement(BaseClass.java:821)
at com.Base.BaseClass.explicitWaitVisibilityOfElement(BaseClass.java:253)
at com.Base.BaseClass.clickSelenium(BaseClass.java:290)
at com.pageObjectModules.CoursesAndCertificationPageObjectModul.clickOnEditBtnoursesAndCertification(CoursesAndCertificationPageObjectModul.java:32)
at com.runner.RunnerClass.coursesAndCertificationPage(RunnerClass.java:143)
at java.base/java.util.ArrayList.forEach(ArrayList.java:1511)
... Removed 28 stack frames]]>
    </failure>
  </testcase> <!-- coursesAndCertificationPage -->
</testsuite> <!-- FoundIt Testing Automation FireFox Browser Testing -->
