<?xml version="1.0" encoding="UTF-8"?>
<!-- Generated by org.testng.reporters.JUnitXMLReporter -->
<testsuite ignored="0" hostname="LAPTOP-BFLULPE1" failures="1" tests="9" name="FoundIt Testing Automation Chrome Brwoser Testing" time="105.071" errors="0" timestamp="2026-01-14T23:05:26 IST">
  <testcase classname="com.runner.RunnerClass" name="loginPage" time="4.59"/>
  <testcase classname="com.runner.RunnerClass" name="profilePage" time="3.884"/>
  <testcase classname="com.runner.RunnerClass" name="profileSummaryPage" time="2.523"/>
  <testcase classname="com.runner.RunnerClass" name="uploadResumePage" time="6.805"/>
  <testcase classname="com.runner.RunnerClass" name="workExperiencePage" time="17.652"/>
  <testcase classname="com.runner.RunnerClass" name="skillsPage" time="14.049"/>
  <testcase classname="com.runner.RunnerClass" name="educationPage" time="0.26">
    <failure type="java.lang.AssertionError" message="ERRRO : OCCURS DURING SELENIUM CLICK">
      <![CDATA[java.lang.AssertionError: ERRRO : OCCURS DURING SELENIUM CLICK
at com.Base.BaseClass.clickSelenium(BaseClass.java:295)
at com.pageObjectModules.EducationPageObjectModule.clicEditEducationBtn(EducationPageObjectModule.java:59)
at com.runner.RunnerClass.educationPage(RunnerClass.java:115)
at java.base/java.util.ArrayList.forEach(ArrayList.java:1511)
... Removed 28 stack frames]]>
    </failure>
  </testcase> <!-- educationPage -->
  <testcase classname="com.runner.RunnerClass" name="jobPreferrencesPage" time="40.956"/>
  <testcase classname="com.runner.RunnerClass" name="coursesAndCertificationPage" time="1.381"/>
</testsuite> <!-- FoundIt Testing Automation Chrome Brwoser Testing -->
