<?xml version="1.0" encoding="UTF-8"?>
<!-- Generated by org.testng.reporters.JUnitXMLReporter -->
<testsuite ignored="0" hostname="LAPTOP-BFLULPE1" failures="1" tests="1" name="FoundIt Testing Automation" time="6.843" errors="0" timestamp="2026-01-09T19:43:21 IST">
  <testcase classname="com.runner.RunnerClass" name="loginPage" time="0.037">
    <failure type="java.lang.AssertionError" message="ERROR : OCCURS DURING EXPLICIT WAIT ELEMENT">
      <![CDATA[java.lang.AssertionError: ERROR : OCCURS DURING EXPLICIT WAIT ELEMENT
at com.Base.BaseClass.explicitWaitVisibilityOfElement(BaseClass.java:112)
at com.Base.BaseClass.sendkeys(BaseClass.java:174)
at com.pageObjectModules.LoginPageObjectModule.setEmail(LoginPageObjectModule.java:55)
at com.runner.RunnerClass.loginPage(RunnerClass.java:37)
at java.base/java.util.concurrent.Executors$RunnableAdapter.call(Executors.java:539)
at java.base/java.util.concurrent.FutureTask.run(FutureTask.java:264)
at java.base/java.util.concurrent.ThreadPoolExecutor.runWorker(ThreadPoolExecutor.java:1136)
at java.base/java.util.concurrent.ThreadPoolExecutor$Worker.run(ThreadPoolExecutor.java:635)
at java.base/java.lang.Thread.run(Thread.java:842)
... Removed 14 stack frames]]>
    </failure>
  </testcase> <!-- loginPage -->
</testsuite> <!-- FoundIt Testing Automation -->
