<?xml version="1.0" encoding="UTF-8"?>
<!-- Generated by org.testng.reporters.JUnitXMLReporter -->
<testsuite ignored="0" hostname="LAPTOP-BFLULPE1" failures="1" tests="9" name="FoundIt Testing Automation Edge Browser Testing" time="120.381" errors="0" timestamp="2026-01-14T23:08:04 IST">
  <testcase classname="com.runner.RunnerClass" name="loginPage" time="4.251"/>
  <testcase classname="com.runner.RunnerClass" name="profilePage" time="4.625"/>
  <testcase classname="com.runner.RunnerClass" name="profileSummaryPage" time="2.407"/>
  <testcase classname="com.runner.RunnerClass" name="uploadResumePage" time="6.722"/>
  <testcase classname="com.runner.RunnerClass" name="workExperiencePage" time="17.246"/>
  <testcase classname="com.runner.RunnerClass" name="skillsPage" time="14.197"/>
  <testcase classname="com.runner.RunnerClass" name="educationPage" time="0.04">
    <failure type="java.lang.AssertionError" message="ERROR: Unable to scroll to element">
      <![CDATA[java.lang.AssertionError: ERROR: Unable to scroll to element
at com.Base.BaseClass.scrollByElement(BaseClass.java:821)
at com.Base.BaseClass.explicitWaitVisibilityOfElement(BaseClass.java:253)
at com.Base.BaseClass.clickSelenium(BaseClass.java:290)
at com.pageObjectModules.EducationPageObjectModule.clicEditEducationBtn(EducationPageObjectModule.java:59)
at com.runner.RunnerClass.educationPage(RunnerClass.java:115)
at java.base/java.util.ArrayList.forEach(ArrayList.java:1511)
... Removed 28 stack frames]]>
    </failure>
  </testcase> <!-- educationPage -->
  <testcase classname="com.runner.RunnerClass" name="jobPreferrencesPage" time="40.682"/>
  <testcase classname="com.runner.RunnerClass" name="coursesAndCertificationPage" time="1.804"/>
</testsuite> <!-- FoundIt Testing Automation Edge Browser Testing -->
