<?xml version="1.0" encoding="UTF-8"?>
<!-- Generated by org.testng.reporters.JUnitXMLReporter -->
<testsuite ignored="0" hostname="LAPTOP-BFLULPE1" failures="0" tests="9" name="Test" time="154.837" errors="0" timestamp="2026-01-29T23:33:34 IST">
  <testcase classname="com.runner.RunnerClass" name="loginPage" time="14.709"/>
  <testcase classname="com.runner.RunnerClass" name="profilePage" time="6.999"/>
  <testcase classname="com.runner.RunnerClass" name="profileSummaryPage" time="2.457"/>
  <testcase classname="com.runner.RunnerClass" name="uploadResumePage" time="6.851"/>
  <testcase classname="com.runner.RunnerClass" name="workExperiencePage" time="17.705"/>
  <testcase classname="com.runner.RunnerClass" name="skillsPage" time="29.027"/>
  <testcase classname="com.runner.RunnerClass" name="educationPage" time="27.13"/>
  <testcase classname="com.runner.RunnerClass" name="jobPreferrencesPage" time="41.001"/>
  <testcase classname="com.runner.RunnerClass" name="coursesAndCertificationPage" time="1.469"/>
</testsuite> <!-- Test -->
