<?xml version="1.0" encoding="UTF-8"?>
<testng-results ignored="0" total="9" passed="5" failed="4" skipped="0">
  <reporter-output>
  </reporter-output>
  <suite started-at="2026-01-22T07:17:03 IST" name="Default suite" finished-at="2026-01-22T07:20:05 IST" duration-ms="182110">
    <groups>
    </groups>
    <test started-at="2026-01-22T07:17:03 IST" name="Default test" finished-at="2026-01-22T07:20:05 IST" duration-ms="182110">
      <class name="com.runner.RunnerClass">
        <test-method is-config="true" signature="extentReportStart()[pri:0, instance:com.runner.RunnerClass@2fd1433e]" started-at="2026-01-22T07:17:03 IST" name="extentReportStart" finished-at="2026-01-22T07:17:03 IST" duration-ms="266" status="PASS">
          <reporter-output>
          </reporter-output>
        </test-method> <!-- extentReportStart -->
        <test-method is-config="true" signature="setUp()[pri:0, instance:com.runner.RunnerClass@2fd1433e]" started-at="2026-01-22T07:17:03 IST" name="setUp" finished-at="2026-01-22T07:17:13 IST" duration-ms="9589" status="PASS">
          <reporter-output>
          </reporter-output>
        </test-method> <!-- setUp -->
        <test-method signature="loginPage()[pri:1, instance:com.runner.RunnerClass@2fd1433e]" started-at="2026-01-22T07:17:13 IST" name="loginPage" finished-at="2026-01-22T07:17:29 IST" duration-ms="15913" status="PASS">
          <reporter-output>
          </reporter-output>
        </test-method> <!-- loginPage -->
        <test-method signature="profilePage()[pri:2, instance:com.runner.RunnerClass@2fd1433e]" started-at="2026-01-22T07:17:29 IST" name="profilePage" finished-at="2026-01-22T07:17:36 IST" duration-ms="7244" status="PASS">
          <reporter-output>
          </reporter-output>
        </test-method> <!-- profilePage -->
        <test-method signature="profileSummaryPage()[pri:3, instance:com.runner.RunnerClass@2fd1433e]" started-at="2026-01-22T07:17:36 IST" name="profileSummaryPage" finished-at="2026-01-22T07:17:40 IST" duration-ms="3917" status="PASS">
          <reporter-output>
          </reporter-output>
        </test-method> <!-- profileSummaryPage -->
        <test-method signature="uploadResumePage()[pri:4, instance:com.runner.RunnerClass@2fd1433e]" started-at="2026-01-22T07:17:41 IST" name="uploadResumePage" finished-at="2026-01-22T07:17:47 IST" duration-ms="6959" status="PASS">
          <reporter-output>
          </reporter-output>
        </test-method> <!-- uploadResumePage -->
        <test-method signature="workExperiencePage()[pri:5, instance:com.runner.RunnerClass@2fd1433e]" started-at="2026-01-22T07:17:48 IST" name="workExperiencePage" finished-at="2026-01-22T07:18:06 IST" duration-ms="18714" status="PASS">
          <reporter-output>
          </reporter-output>
        </test-method> <!-- workExperiencePage -->
        <test-method signature="skillsPage()[pri:6, instance:com.runner.RunnerClass@2fd1433e]" started-at="2026-01-22T07:18:07 IST" name="skillsPage" finished-at="2026-01-22T07:18:39 IST" duration-ms="32908" status="FAIL">
          <exception class="java.lang.AssertionError">
            <message>
              <![CDATA[ERROR : OCCURS DURING EXPLICIT WAIT CLICKABLE ELEMENT]]>
            </message>
            <full-stacktrace>
              <![CDATA[java.lang.AssertionError: ERROR : OCCURS DURING EXPLICIT WAIT CLICKABLE ELEMENT
at org.testng.Assert.fail(Assert.java:111)
at com.Base.BaseClass.explicitWaitElementToBeClickable(BaseClass.java:267)
at com.Base.BaseClass.clickSelenium2(BaseClass.java:301)
at com.pageObjectModules.SkillsPageObjectModule.saveBtn(SkillsPageObjectModule.java:70)
at com.runner.RunnerClass.skillsPage(RunnerClass.java:109)
at java.base/jdk.internal.reflect.NativeMethodAccessorImpl.invoke0(Native Method)
at java.base/jdk.internal.reflect.NativeMethodAccessorImpl.invoke(NativeMethodAccessorImpl.java:77)
at java.base/jdk.internal.reflect.DelegatingMethodAccessorImpl.invoke(DelegatingMethodAccessorImpl.java:43)
at java.base/java.lang.reflect.Method.invoke(Method.java:568)
at org.testng.internal.invokers.MethodInvocationHelper.invokeMethod(MethodInvocationHelper.java:141)
at org.testng.internal.invokers.TestInvoker.invokeMethod(TestInvoker.java:687)
at org.testng.internal.invokers.TestInvoker.invokeTestMethod(TestInvoker.java:230)
at org.testng.internal.invokers.MethodRunner.runInSequence(MethodRunner.java:63)
at org.testng.internal.invokers.TestInvoker$MethodInvocationAgent.invoke(TestInvoker.java:995)
at org.testng.internal.invokers.TestInvoker.invokeTestMethods(TestInvoker.java:203)
at org.testng.internal.invokers.TestMethodWorker.invokeTestMethods(TestMethodWorker.java:154)
at org.testng.internal.invokers.TestMethodWorker.run(TestMethodWorker.java:134)
at java.base/java.util.ArrayList.forEach(ArrayList.java:1511)
at org.testng.TestRunner.privateRun(TestRunner.java:741)
at org.testng.TestRunner.run(TestRunner.java:616)
at org.testng.SuiteRunner.runTest(SuiteRunner.java:421)
at org.testng.SuiteRunner.runSequentially(SuiteRunner.java:413)
at org.testng.SuiteRunner.privateRun(SuiteRunner.java:373)
at org.testng.SuiteRunner.run(SuiteRunner.java:312)
at org.testng.SuiteRunnerWorker.runSuite(SuiteRunnerWorker.java:52)
at org.testng.SuiteRunnerWorker.run(SuiteRunnerWorker.java:95)
at org.testng.TestNG.runSuitesSequentially(TestNG.java:1274)
at org.testng.TestNG.runSuitesLocally(TestNG.java:1208)
at org.testng.TestNG.runSuites(TestNG.java:1112)
at org.testng.TestNG.run(TestNG.java:1079)
at org.testng.remote.AbstractRemoteTestNG.run(AbstractRemoteTestNG.java:115)
at org.testng.remote.RemoteTestNG.initAndRun(RemoteTestNG.java:293)
at org.testng.remote.RemoteTestNG.main(RemoteTestNG.java:91)
]]>
            </full-stacktrace>
          </exception> <!-- java.lang.AssertionError -->
          <reporter-output>
          </reporter-output>
        </test-method> <!-- skillsPage -->
        <test-method signature="educationPage()[pri:7, instance:com.runner.RunnerClass@2fd1433e]" started-at="2026-01-22T07:18:40 IST" name="educationPage" finished-at="2026-01-22T07:19:12 IST" duration-ms="32233" status="FAIL">
          <exception class="java.lang.AssertionError">
            <message>
              <![CDATA[ERROR : OCCURS DURING EXPLICIT WAIT CLICKABLE ELEMENT]]>
            </message>
            <full-stacktrace>
              <![CDATA[java.lang.AssertionError: ERROR : OCCURS DURING EXPLICIT WAIT CLICKABLE ELEMENT
at org.testng.Assert.fail(Assert.java:111)
at com.Base.BaseClass.explicitWaitElementToBeClickable(BaseClass.java:267)
at com.Base.BaseClass.clickJS(BaseClass.java:313)
at com.pageObjectModules.EducationPageObjectModule.clickOnSaveBtn(EducationPageObjectModule.java:88)
at com.runner.RunnerClass.educationPage(RunnerClass.java:124)
at java.base/jdk.internal.reflect.NativeMethodAccessorImpl.invoke0(Native Method)
at java.base/jdk.internal.reflect.NativeMethodAccessorImpl.invoke(NativeMethodAccessorImpl.java:77)
at java.base/jdk.internal.reflect.DelegatingMethodAccessorImpl.invoke(DelegatingMethodAccessorImpl.java:43)
at java.base/java.lang.reflect.Method.invoke(Method.java:568)
at org.testng.internal.invokers.MethodInvocationHelper.invokeMethod(MethodInvocationHelper.java:141)
at org.testng.internal.invokers.TestInvoker.invokeMethod(TestInvoker.java:687)
at org.testng.internal.invokers.TestInvoker.invokeTestMethod(TestInvoker.java:230)
at org.testng.internal.invokers.MethodRunner.runInSequence(MethodRunner.java:63)
at org.testng.internal.invokers.TestInvoker$MethodInvocationAgent.invoke(TestInvoker.java:995)
at org.testng.internal.invokers.TestInvoker.invokeTestMethods(TestInvoker.java:203)
at org.testng.internal.invokers.TestMethodWorker.invokeTestMethods(TestMethodWorker.java:154)
at org.testng.internal.invokers.TestMethodWorker.run(TestMethodWorker.java:134)
at java.base/java.util.ArrayList.forEach(ArrayList.java:1511)
at org.testng.TestRunner.privateRun(TestRunner.java:741)
at org.testng.TestRunner.run(TestRunner.java:616)
at org.testng.SuiteRunner.runTest(SuiteRunner.java:421)
at org.testng.SuiteRunner.runSequentially(SuiteRunner.java:413)
at org.testng.SuiteRunner.privateRun(SuiteRunner.java:373)
at org.testng.SuiteRunner.run(SuiteRunner.java:312)
at org.testng.SuiteRunnerWorker.runSuite(SuiteRunnerWorker.java:52)
at org.testng.SuiteRunnerWorker.run(SuiteRunnerWorker.java:95)
at org.testng.TestNG.runSuitesSequentially(TestNG.java:1274)
at org.testng.TestNG.runSuitesLocally(TestNG.java:1208)
at org.testng.TestNG.runSuites(TestNG.java:1112)
at org.testng.TestNG.run(TestNG.java:1079)
at org.testng.remote.AbstractRemoteTestNG.run(AbstractRemoteTestNG.java:115)
at org.testng.remote.RemoteTestNG.initAndRun(RemoteTestNG.java:293)
at org.testng.remote.RemoteTestNG.main(RemoteTestNG.java:91)
]]>
            </full-stacktrace>
          </exception> <!-- java.lang.AssertionError -->
          <reporter-output>
          </reporter-output>
        </test-method> <!-- educationPage -->
        <test-method signature="jobPreferrencesPage()[pri:8, instance:com.runner.RunnerClass@2fd1433e]" started-at="2026-01-22T07:19:12 IST" name="jobPreferrencesPage" finished-at="2026-01-22T07:20:03 IST" duration-ms="51111" status="FAIL">
          <exception class="java.lang.AssertionError">
            <message>
              <![CDATA[ERROR : OCCURS DURING EXPLICIT WAIT CLICKABLE ELEMENT]]>
            </message>
            <full-stacktrace>
              <![CDATA[java.lang.AssertionError: ERROR : OCCURS DURING EXPLICIT WAIT CLICKABLE ELEMENT
at org.testng.Assert.fail(Assert.java:111)
at com.Base.BaseClass.explicitWaitElementToBeClickable(BaseClass.java:267)
at com.Base.BaseClass.clickSelenium(BaseClass.java:292)
at com.pageObjectModules.JobPreferencePageObjectModule.clickOnSaveBtn(JobPreferencePageObjectModule.java:95)
at com.runner.RunnerClass.jobPreferrencesPage(RunnerClass.java:137)
at java.base/jdk.internal.reflect.NativeMethodAccessorImpl.invoke0(Native Method)
at java.base/jdk.internal.reflect.NativeMethodAccessorImpl.invoke(NativeMethodAccessorImpl.java:77)
at java.base/jdk.internal.reflect.DelegatingMethodAccessorImpl.invoke(DelegatingMethodAccessorImpl.java:43)
at java.base/java.lang.reflect.Method.invoke(Method.java:568)
at org.testng.internal.invokers.MethodInvocationHelper.invokeMethod(MethodInvocationHelper.java:141)
at org.testng.internal.invokers.TestInvoker.invokeMethod(TestInvoker.java:687)
at org.testng.internal.invokers.TestInvoker.invokeTestMethod(TestInvoker.java:230)
at org.testng.internal.invokers.MethodRunner.runInSequence(MethodRunner.java:63)
at org.testng.internal.invokers.TestInvoker$MethodInvocationAgent.invoke(TestInvoker.java:995)
at org.testng.internal.invokers.TestInvoker.invokeTestMethods(TestInvoker.java:203)
at org.testng.internal.invokers.TestMethodWorker.invokeTestMethods(TestMethodWorker.java:154)
at org.testng.internal.invokers.TestMethodWorker.run(TestMethodWorker.java:134)
at java.base/java.util.ArrayList.forEach(ArrayList.java:1511)
at org.testng.TestRunner.privateRun(TestRunner.java:741)
at org.testng.TestRunner.run(TestRunner.java:616)
at org.testng.SuiteRunner.runTest(SuiteRunner.java:421)
at org.testng.SuiteRunner.runSequentially(SuiteRunner.java:413)
at org.testng.SuiteRunner.privateRun(SuiteRunner.java:373)
at org.testng.SuiteRunner.run(SuiteRunner.java:312)
at org.testng.SuiteRunnerWorker.runSuite(SuiteRunnerWorker.java:52)
at org.testng.SuiteRunnerWorker.run(SuiteRunnerWorker.java:95)
at org.testng.TestNG.runSuitesSequentially(TestNG.java:1274)
at org.testng.TestNG.runSuitesLocally(TestNG.java:1208)
at org.testng.TestNG.runSuites(TestNG.java:1112)
at org.testng.TestNG.run(TestNG.java:1079)
at org.testng.remote.AbstractRemoteTestNG.run(AbstractRemoteTestNG.java:115)
at org.testng.remote.RemoteTestNG.initAndRun(RemoteTestNG.java:293)
at org.testng.remote.RemoteTestNG.main(RemoteTestNG.java:91)
]]>
            </full-stacktrace>
          </exception> <!-- java.lang.AssertionError -->
          <reporter-output>
          </reporter-output>
        </test-method> <!-- jobPreferrencesPage -->
        <test-method signature="coursesAndCertificationPage()[pri:9, instance:com.runner.RunnerClass@2fd1433e]" started-at="2026-01-22T07:20:03 IST" name="coursesAndCertificationPage" finished-at="2026-01-22T07:20:05 IST" duration-ms="1341" status="FAIL">
          <exception class="java.lang.AssertionError">
            <message>
              <![CDATA[ERRRO : OCCURS DURING SELENIUM CLICK]]>
            </message>
            <full-stacktrace>
              <![CDATA[java.lang.AssertionError: ERRRO : OCCURS DURING SELENIUM CLICK
at org.testng.Assert.fail(Assert.java:111)
at com.Base.BaseClass.clickSelenium(BaseClass.java:295)
at com.pageObjectModules.CoursesAndCertificationPageObjectModul.clickOnEditBtnoursesAndCertification(CoursesAndCertificationPageObjectModul.java:32)
at com.runner.RunnerClass.coursesAndCertificationPage(RunnerClass.java:145)
at java.base/jdk.internal.reflect.NativeMethodAccessorImpl.invoke0(Native Method)
at java.base/jdk.internal.reflect.NativeMethodAccessorImpl.invoke(NativeMethodAccessorImpl.java:77)
at java.base/jdk.internal.reflect.DelegatingMethodAccessorImpl.invoke(DelegatingMethodAccessorImpl.java:43)
at java.base/java.lang.reflect.Method.invoke(Method.java:568)
at org.testng.internal.invokers.MethodInvocationHelper.invokeMethod(MethodInvocationHelper.java:141)
at org.testng.internal.invokers.TestInvoker.invokeMethod(TestInvoker.java:687)
at org.testng.internal.invokers.TestInvoker.invokeTestMethod(TestInvoker.java:230)
at org.testng.internal.invokers.MethodRunner.runInSequence(MethodRunner.java:63)
at org.testng.internal.invokers.TestInvoker$MethodInvocationAgent.invoke(TestInvoker.java:995)
at org.testng.internal.invokers.TestInvoker.invokeTestMethods(TestInvoker.java:203)
at org.testng.internal.invokers.TestMethodWorker.invokeTestMethods(TestMethodWorker.java:154)
at org.testng.internal.invokers.TestMethodWorker.run(TestMethodWorker.java:134)
at java.base/java.util.ArrayList.forEach(ArrayList.java:1511)
at org.testng.TestRunner.privateRun(TestRunner.java:741)
at org.testng.TestRunner.run(TestRunner.java:616)
at org.testng.SuiteRunner.runTest(SuiteRunner.java:421)
at org.testng.SuiteRunner.runSequentially(SuiteRunner.java:413)
at org.testng.SuiteRunner.privateRun(SuiteRunner.java:373)
at org.testng.SuiteRunner.run(SuiteRunner.java:312)
at org.testng.SuiteRunnerWorker.runSuite(SuiteRunnerWorker.java:52)
at org.testng.SuiteRunnerWorker.run(SuiteRunnerWorker.java:95)
at org.testng.TestNG.runSuitesSequentially(TestNG.java:1274)
at org.testng.TestNG.runSuitesLocally(TestNG.java:1208)
at org.testng.TestNG.runSuites(TestNG.java:1112)
at org.testng.TestNG.run(TestNG.java:1079)
at org.testng.remote.AbstractRemoteTestNG.run(AbstractRemoteTestNG.java:115)
at org.testng.remote.RemoteTestNG.initAndRun(RemoteTestNG.java:293)
at org.testng.remote.RemoteTestNG.main(RemoteTestNG.java:91)
]]>
            </full-stacktrace>
          </exception> <!-- java.lang.AssertionError -->
          <reporter-output>
          </reporter-output>
        </test-method> <!-- coursesAndCertificationPage -->
        <test-method is-config="true" signature="tearDown()[pri:0, instance:com.runner.RunnerClass@2fd1433e]" started-at="2026-01-22T07:20:05 IST" name="tearDown" finished-at="2026-01-22T07:20:05 IST" duration-ms="403" status="PASS">
          <reporter-output>
          </reporter-output>
        </test-method> <!-- tearDown -->
        <test-method is-config="true" signature="extentReportEnd()[pri:0, instance:com.runner.RunnerClass@2fd1433e]" started-at="2026-01-22T07:20:05 IST" name="extentReportEnd" finished-at="2026-01-22T07:20:06 IST" duration-ms="1263" status="PASS">
          <reporter-output>
          </reporter-output>
        </test-method> <!-- extentReportEnd -->
      </class> <!-- com.runner.RunnerClass -->
    </test> <!-- Default test -->
  </suite> <!-- Default suite -->
</testng-results>
